<?xml version="1.0" encoding="UTF-8"?>
<!-- Generated by org.testng.reporters.JUnitXMLReporter -->
<testsuite ignored="2" hostname="DESKTOP-E98D2QV" failures="0" tests="3" name="SignInTest" time="61.996" errors="0" timestamp="2023-03-15T06:44:51 GMT">
  <testcase classname="com.etsy.tests.SignInModule" name="btnSignInClick" time="4.936"/>
  <testcase classname="com.etsy.tests.SignInModule" name="elementsIsDisplayed" time="9.415"/>
  <testcase classname="com.etsy.tests.SignInModule" name="login_withValidCredentials" time="5.782"/>
  <testcase classname="com.etsy.utills.ExtentReport" name="@AfterTest testEnd" time="0.0">
    <ignored/>
  </testcase> <!-- @AfterTest testEnd -->
  <testcase classname="com.etsy.utills.ExtentReport" name="@AfterTest testEnd" time="0.0">
    <ignored/>
  </testcase> <!-- @AfterTest testEnd -->
</testsuite> <!-- SignInTest -->
