<?xml version="1.0" encoding="UTF-8"?>
<!-- Generated by org.testng.reporters.JUnitXMLReporter -->
<testsuite ignored="2" hostname="DESKTOP-E98D2QV" failures="0" tests="6" name="SignInTest" time="54.055" errors="0" timestamp="2023-03-20T03:55:16 GMT">
  <testcase classname="com.etsy.tests.SignInModule" name="btnSignInClick" time="1.931"/>
  <testcase classname="com.etsy.tests.SignInModule" name="vissiblityOfSignInPageWebElements" time="5.336"/>
  <testcase classname="com.etsy.tests.SignInModule" name="signin_withoutCredentials" time="1.456"/>
  <testcase classname="com.etsy.tests.SignInModule" name="signin_withoutPassword" time="1.482"/>
  <testcase classname="com.etsy.tests.SignInModule" name="signin_withoutEmailId" time="1.094"/>
  <testcase classname="com.etsy.tests.SignInModule" name="signin_withValidCredentials" time="1.358"/>
  <testcase classname="com.etsy.utills.ExtentReport" name="@AfterTest testEnd" time="0.0">
    <ignored/>
  </testcase> <!-- @AfterTest testEnd -->
  <testcase classname="com.etsy.utills.ExtentReport" name="@AfterTest testEnd" time="0.0">
    <ignored/>
  </testcase> <!-- @AfterTest testEnd -->
</testsuite> <!-- SignInTest -->
