<?xml version="1.0" encoding="UTF-8"?>
<testng-results ignored="2" total="5" passed="3" failed="0" skipped="0">
  <reporter-output>
  </reporter-output>
  <suite started-at="2023-03-15T06:43:49 GMT" name="Etsy" finished-at="2023-03-15T06:44:51 GMT" duration-ms="61996">
    <groups>
    </groups>
    <test started-at="2023-03-15T06:43:49 GMT" name="SignInTest" finished-at="2023-03-15T06:44:51 GMT" duration-ms="61996">
      <class name="com.etsy.tests.SignInModule">
        <test-method is-config="true" signature="startReport()[pri:0, instance:com.etsy.tests.SignInModule@1fa121e2]" started-at="2023-03-15T06:43:49 GMT" name="startReport" finished-at="2023-03-15T06:43:50 GMT" duration-ms="607" status="PASS">
          <reporter-output>
          </reporter-output>
        </test-method> <!-- startReport -->
        <test-method is-config="true" signature="setUp()[pri:0, instance:com.etsy.tests.SignInModule@1fa121e2]" started-at="2023-03-15T06:43:50 GMT" name="setUp" finished-at="2023-03-15T06:44:18 GMT" duration-ms="28536" status="PASS">
          <reporter-output>
          </reporter-output>
        </test-method> <!-- setUp -->
        <test-method signature="btnSignInClick()[pri:1, instance:com.etsy.tests.SignInModule@1fa121e2]" started-at="2023-03-15T06:44:19 GMT" name="btnSignInClick" finished-at="2023-03-15T06:44:24 GMT" duration-ms="4936" status="PASS">
          <reporter-output>
          </reporter-output>
        </test-method> <!-- btnSignInClick -->
        <test-method is-config="true" signature="getReport(org.testng.ITestResult)[pri:0, instance:com.etsy.tests.SignInModule@1fa121e2]" started-at="2023-03-15T06:44:24 GMT" name="getReport" finished-at="2023-03-15T06:44:26 GMT" duration-ms="2423" status="PASS">
          <params>
            <param index="0">
              <value>
                <![CDATA[[TestResult name=btnSignInClick status=SUCCESS method=SignInModule.btnSignInClick()[pri:1, instance:com.etsy.tests.SignInModule@1fa121e2] output={null}]]]>
              </value>
            </param>
          </params>
          <reporter-output>
          </reporter-output>
        </test-method> <!-- getReport -->
        <test-method signature="elementsIsDisplayed()[pri:2, instance:com.etsy.tests.SignInModule@1fa121e2]" started-at="2023-03-15T06:44:26 GMT" name="elementsIsDisplayed" finished-at="2023-03-15T06:44:36 GMT" duration-ms="9415" status="PASS">
          <reporter-output>
          </reporter-output>
        </test-method> <!-- elementsIsDisplayed -->
        <test-method is-config="true" signature="getReport(org.testng.ITestResult)[pri:0, instance:com.etsy.tests.SignInModule@1fa121e2]" started-at="2023-03-15T06:44:36 GMT" name="getReport" finished-at="2023-03-15T06:44:37 GMT" duration-ms="1359" status="PASS">
          <params>
            <param index="0">
              <value>
                <![CDATA[[TestResult name=elementsIsDisplayed status=SUCCESS method=SignInModule.elementsIsDisplayed()[pri:2, instance:com.etsy.tests.SignInModule@1fa121e2] output={null}]]]>
              </value>
            </param>
          </params>
          <reporter-output>
          </reporter-output>
        </test-method> <!-- getReport -->
        <test-method signature="login_withValidCredentials(java.lang.String,java.lang.String)[pri:3, instance:com.etsy.tests.SignInModule@1fa121e2]" started-at="2023-03-15T06:44:44 GMT" name="login_withValidCredentials" data-provider="validSingInTestDatas" finished-at="2023-03-15T06:44:49 GMT" duration-ms="5782" status="PASS">
          <params>
            <param index="0">
              <value>
                <![CDATA[kathirstuvad434dear@gmail.com]]>
              </value>
            </param>
            <param index="1">
              <value>
                <![CDATA[!Daredewin@123]]>
              </value>
            </param>
          </params>
          <reporter-output>
          </reporter-output>
        </test-method> <!-- login_withValidCredentials -->
        <test-method is-config="true" signature="getReport(org.testng.ITestResult)[pri:0, instance:com.etsy.tests.SignInModule@1fa121e2]" started-at="2023-03-15T06:44:50 GMT" name="getReport" finished-at="2023-03-15T06:44:50 GMT" duration-ms="757" status="PASS">
          <params>
            <param index="0">
              <value>
                <![CDATA[[TestResult name=login_withValidCredentials status=SUCCESS method=SignInModule.login_withValidCredentials(java.lang.String,java.lang.String)[pri:3, instance:com.etsy.tests.SignInModule@1fa121e2] output={null}]]]>
              </value>
            </param>
          </params>
          <reporter-output>
          </reporter-output>
        </test-method> <!-- getReport -->
        <test-method is-config="true" signature="tearDown()[pri:0, instance:com.etsy.tests.SignInModule@1fa121e2]" started-at="2023-03-15T06:44:50 GMT" name="tearDown" finished-at="2023-03-15T06:44:51 GMT" duration-ms="419" status="PASS">
          <reporter-output>
          </reporter-output>
        </test-method> <!-- tearDown -->
      </class> <!-- com.etsy.tests.SignInModule -->
      <class name="com.etsy.utills.ExtentReport">
        <test-method is-config="true" signature="testEnd()[pri:0, instance:com.etsy.utills.ExtentReport@5542c4ed]" started-at="2023-03-15T06:44:51 GMT" name="testEnd" finished-at="2023-03-15T06:44:51 GMT" duration-ms="439" status="PASS">
          <reporter-output>
          </reporter-output>
        </test-method> <!-- testEnd -->
      </class> <!-- com.etsy.utills.ExtentReport -->
    </test> <!-- SignInTest -->
  </suite> <!-- Etsy -->
</testng-results>
